<?xml version="1.0" encoding="UTF-8"?>
<testng-results skipped="0" failed="0" ignored="0" total="1" passed="1">
  <reporter-output>
  </reporter-output>
  <suite name="Default suite" duration-ms="31344" started-at="2019-04-24T11:10:29Z" finished-at="2019-04-24T11:11:00Z">
    <groups>
      <group name="cucumber">
        <method signature="AbstractTestNGCucumberTests.feature(cucumber.api.testng.CucumberFeatureWrapper)[pri:0, instance:qa.zoopla.testrunner.TestRunner_zoopla@4dfa3a9d]" name="feature" class="cucumber.api.testng.AbstractTestNGCucumberTests"/>
      </group> <!-- cucumber -->
    </groups>
    <test name="Default test" duration-ms="31344" started-at="2019-04-24T11:10:29Z" finished-at="2019-04-24T11:11:00Z">
      <class name="qa.zoopla.testrunner.TestRunner_zoopla">
        <test-method status="PASS" signature="setUpClass()[pri:0, instance:qa.zoopla.testrunner.TestRunner_zoopla@4dfa3a9d]" name="setUpClass" is-config="true" duration-ms="232" started-at="2019-04-24T11:10:29Z" finished-at="2019-04-24T11:10:29Z">
          <reporter-output>
          </reporter-output>
        </test-method> <!-- setUpClass -->
        <test-method status="PASS" signature="feature(cucumber.api.testng.CucumberFeatureWrapper)[pri:0, instance:qa.zoopla.testrunner.TestRunner_zoopla@4dfa3a9d]" name="feature" duration-ms="31007" started-at="2019-04-24T11:10:29Z" description="Runs Cucumber Feature" data-provider="features" finished-at="2019-04-24T11:11:00Z">
          <params>
            <param index="0">
              <value>
                <![CDATA[Search property]]>
              </value>
            </param>
          </params>
          <reporter-output>
          </reporter-output>
        </test-method> <!-- feature -->
        <test-method status="PASS" signature="tearDownClass()[pri:0, instance:qa.zoopla.testrunner.TestRunner_zoopla@4dfa3a9d]" name="tearDownClass" is-config="true" duration-ms="2" started-at="2019-04-24T11:11:00Z" finished-at="2019-04-24T11:11:00Z">
          <reporter-output>
          </reporter-output>
        </test-method> <!-- tearDownClass -->
      </class> <!-- qa.zoopla.testrunner.TestRunner_zoopla -->
    </test> <!-- Default test -->
  </suite> <!-- Default suite -->
</testng-results>
